first_name: "Mats"
first_name: "Mats"
first_name: "Mats"
last_name: "\u00c5kebrand"
last_name: "\u00c5kebrand"
last_name: "\u00c5kebrand"
email: "mats@akebrands.se"
email: "mats@akebrands.se"
email: "mats@akebrands.se"
avatar: {"name":"Bangkok Thailand.jpg","full_path":"Bangkok Thailand.jpg","type":"image\/jpeg","tmp_name":"C:\\Windows\\Temp\\php1D98.tmp","error":0,"size":167420}
avatar: {"name":"Bangkok Thailand.jpg","full_path":"Bangkok Thailand.jpg","type":"image\/jpeg","tmp_name":"C:\\Windows\\Temp\\php1D98.tmp","error":0,"size":167420}
avatar: {"name":"Bangkok Thailand.jpg","full_path":"Bangkok Thailand.jpg","type":"image\/jpeg","tmp_name":"C:\\Windows\\Temp\\php1D98.tmp","error":0,"size":167420}
password: ""
Field 'password' is nullable. Skipping.
password: ""
password: ""
password_confirmation: ""
Field 'password_confirmation' is nullable. Skipping.
password_confirmation: ""
password_confirmation: ""
first_name: "Mats"
first_name: "Mats"
first_name: "Mats"
last_name: "\u00c5kebrand"
last_name: "\u00c5kebrand"
last_name: "\u00c5kebrand"
email: "mats@akebrands.se"
email: "mats@akebrands.se"
email: "mats@akebrands.se"
avatar: {"name":"IMG_0687.JPG","full_path":"IMG_0687.JPG","type":"image\/jpeg","tmp_name":"C:\\Windows\\Temp\\php9B16.tmp","error":0,"size":42484}
avatar: {"name":"IMG_0687.JPG","full_path":"IMG_0687.JPG","type":"image\/jpeg","tmp_name":"C:\\Windows\\Temp\\php9B16.tmp","error":0,"size":42484}
avatar: {"name":"IMG_0687.JPG","full_path":"IMG_0687.JPG","type":"image\/jpeg","tmp_name":"C:\\Windows\\Temp\\php9B16.tmp","error":0,"size":42484}
password: ""
Field 'password' is nullable. Skipping.
password: ""
password: ""
password_confirmation: ""
Field 'password_confirmation' is nullable. Skipping.
password_confirmation: ""
password_confirmation: ""
email: "mats@akebrands.se"
email: "mats@akebrands.se"
password: "korvar65"
first_name: "Mats"
first_name: "Mats"
first_name: "Mats"
last_name: "\u00c5kebrand"
last_name: "\u00c5kebrand"
last_name: "\u00c5kebrand"
email: "mats@akebrands.se"
email: "mats@akebrands.se"
email: "mats@akebrands.se"
avatar: {"name":"Bangkok Thailand.jpg","full_path":"Bangkok Thailand.jpg","type":"image\/jpeg","tmp_name":"C:\\Windows\\Temp\\php5B31.tmp","error":0,"size":167420}
avatar: {"name":"Bangkok Thailand.jpg","full_path":"Bangkok Thailand.jpg","type":"image\/jpeg","tmp_name":"C:\\Windows\\Temp\\php5B31.tmp","error":0,"size":167420}
avatar: {"name":"Bangkok Thailand.jpg","full_path":"Bangkok Thailand.jpg","type":"image\/jpeg","tmp_name":"C:\\Windows\\Temp\\php5B31.tmp","error":0,"size":167420}
password: ""
Field 'password' is nullable. Skipping.
password: ""
password: ""
password_confirmation: ""
Field 'password_confirmation' is nullable. Skipping.
password_confirmation: ""
password_confirmation: ""
search.term: "example"
search.term: "example"
search.term: "example"
search.current_page: 1
search.current_page: 1
search.current_page: 1
